<?xml version="1.0" encoding="utf-8"?><testsuites name="pytest tests"><testsuite name="pytest" errors="0" failures="0" skipped="0" tests="10" time="0.934" timestamp="2026-06-28T12:53:51.946932+00:00" hostname="agent-env-1b104074-3f75-4e29-aff5-cafc5a528b46"><testcase classname="backend.tests.test_whohas_api" name="test_root" time="0.320" /><testcase classname="backend.tests.test_whohas_api" name="test_trending_questions" time="0.042" /><testcase classname="backend.tests.test_whohas_api" name="test_ask_returns_demo_answer[Who has the best wings?]" time="0.054" /><testcase classname="backend.tests.test_whohas_api" name="test_ask_returns_demo_answer[Who has discounts on pizza?]" time="0.044" /><testcase classname="backend.tests.test_whohas_api" name="test_ask_returns_demo_answer[Who has the world record for fastest mile?]" time="0.045" /><testcase classname="backend.tests.test_whohas_api" name="test_ask_returns_demo_answer[Who has the best lemonade in town?]" time="0.056" /><testcase classname="backend.tests.test_whohas_api" name="test_ask_persists_to_mongo" time="0.063" /><testcase classname="backend.tests.test_whohas_api" name="test_ask_validation_too_short" time="0.044" /><testcase classname="backend.tests.test_whohas_api" name="test_ask_validation_missing" time="0.075" /><testcase classname="backend.tests.test_whohas_api" name="test_ask_wings_keyword_mapping" time="0.051" /></testsuite></testsuites>