<?xml version="1.0" encoding="utf-8"?><testsuites name="pytest tests"><testsuite name="pytest" errors="0" failures="0" skipped="0" tests="17" time="14.411" timestamp="2026-07-20T00:36:42.768929+00:00" hostname="agent-env-1b104074-3f75-4e29-aff5-cafc5a528b46"><testcase classname="tests.test_pro_and_security.TestHealthAndRegression" name="test_root_health" time="0.233" /><testcase classname="tests.test_pro_and_security.TestHealthAndRegression" name="test_api_root" time="0.049" /><testcase classname="tests.test_pro_and_security.TestHealthAndRegression" name="test_ad_clicks_baseline" time="0.047" /><testcase classname="tests.test_pro_and_security.TestAskAndPrivacy" name="test_ask_returns_direct_answer_and_product" time="4.325" /><testcase classname="tests.test_pro_and_security.TestAskAndPrivacy" name="test_ask_non_shopping_no_product" time="2.378" /><testcase classname="tests.test_pro_and_security.TestAskAndPrivacy" name="test_ask_privacy_location_not_persisted" time="3.573" /><testcase classname="tests.test_pro_and_security.TestAdminDisabled" name="test_put_ad_slot_returns_503_without_admin_token" time="0.062" /><testcase classname="tests.test_pro_and_security.TestAdminDisabled" name="test_put_ad_slot_still_503_even_with_a_header" time="0.047" /><testcase classname="tests.test_pro_and_security.TestProCheckout" name="test_checkout_invalid_plan_400" time="0.047" /><testcase classname="tests.test_pro_and_security.TestProCheckout" name="test_checkout_yearly_returns_url_and_session" time="0.586" /><testcase classname="tests.test_pro_and_security.TestProCheckout" name="test_checkout_monthly_returns_url_and_session" time="0.481" /><testcase classname="tests.test_pro_and_security.TestProStatus" name="test_status_valid_session_returns_payment_status" time="0.310" /><testcase classname="tests.test_pro_and_security.TestProStatus" name="test_status_unknown_session_returns_404" time="0.044" /><testcase classname="tests.test_pro_and_security.TestProEntitlement" name="test_entitlement_new_device_is_false" time="0.050" /><testcase classname="tests.test_pro_and_security.TestRateLimiting" name="test_checkout_rate_limit_returns_429_over_6_per_60s" time="1.476" /><testcase classname="tests.test_pro_and_security.TestRateLimiting" name="test_comments_rate_limit_returns_429_over_8_per_60s" time="0.563" /><testcase classname="tests.test_pro_and_security" name="test_cleanup_test_data" time="0.003" /></testsuite></testsuites>