<?xml version="1.0" encoding="utf-8"?><testsuites name="pytest tests"><testsuite name="pytest" errors="0" failures="0" skipped="0" tests="24" time="8.670" timestamp="2026-08-07T01:14:00.625763+00:00" hostname="agent-env-1b104074-3f75-4e29-aff5-cafc5a528b46"><testcase classname="tests.test_sponsors_and_local.TestSponsorsAdslot" name="test_adslot_sponsors_seeded_and_include_tons_hauling" time="0.240" /><testcase classname="tests.test_sponsors_and_local.TestSponsorsAdslot" name="test_tons_hauling_is_featured_and_has_phone" time="0.070" /><testcase classname="tests.test_sponsors_and_local.TestSponsorsAdslot" name="test_adslot_sorted_by_order" time="0.084" /><testcase classname="tests.test_sponsors_and_local.TestSponsorsAdslot" name="test_no_mongo_objectid_in_response" time="0.062" /><testcase classname="tests.test_sponsors_and_local.TestSponsorsStrip" name="test_strip_sponsors_include_aldi_costco_kroger_with_accent_tint" time="0.069" /><testcase classname="tests.test_sponsors_and_local.TestSponsorsSeededIdempotent" name="test_seed_is_idempotent_no_duplicates" time="0.014" /><testcase classname="tests.test_sponsors_and_local.TestLocalAds" name="test_omaha_returns_tons_hauling" time="0.067" /><testcase classname="tests.test_sponsors_and_local.TestLocalAds" name="test_omaha_case_insensitive_and_state_suffix" time="0.067" /><testcase classname="tests.test_sponsors_and_local.TestLocalAds" name="test_unknown_city_has_no_ads" time="0.056" /><testcase classname="tests.test_sponsors_and_local.TestLocalAds" name="test_empty_city_has_no_ads" time="0.067" /><testcase classname="tests.test_sponsors_and_local.TestAdvertisers" name="test_create_advertiser_lead_persists" time="0.067" /><testcase classname="tests.test_sponsors_and_local.TestAdvertisers" name="test_empty_business_rejected" time="0.060" /><testcase classname="tests.test_sponsors_and_local.TestAdvertisers" name="test_short_contact_rejected" time="0.061" /><testcase classname="tests.test_sponsors_and_local.TestAdvertisers" name="test_rate_limit_5_per_60s" time="0.300" /><testcase classname="tests.test_sponsors_and_local.TestAffiliate" name="test_affiliate_search_contains_amazon_tag" time="0.061" /><testcase classname="tests.test_sponsors_and_local.TestAffiliate" name="test_affiliate_empty_q_falls_back_to_home" time="0.061" /><testcase classname="tests.test_sponsors_and_local.TestBasketRegression" name="test_basket_returns_sorted_totals_and_cheapest" time="0.068" /><testcase classname="tests.test_sponsors_and_local.TestLocalOfferCheckout" name="test_checkout_tons_hauling_returns_url_and_session" time="1.044" /><testcase classname="tests.test_sponsors_and_local.TestLocalOfferCheckout" name="test_checkout_unknown_ad_id_returns_400" time="0.070" /><testcase classname="tests.test_sponsors_and_local.TestLocalOfferCheckout" name="test_status_unknown_session_returns_404" time="0.071" /><testcase classname="tests.test_sponsors_and_local.TestAskRegression" name="test_ask_still_returns_answer" time="5.375" /><testcase classname="tests.test_sponsors_and_local.TestProCheckoutRegression" name="test_pro_checkout_creates_session" time="0.435" /><testcase classname="tests.test_sponsors_and_local.TestProCheckoutRegression" name="test_pro_checkout_invalid_plan_rejected" time="0.054" /><testcase classname="tests.test_sponsors_and_local" name="test_cleanup" time="0.002" /></testsuite></testsuites>